running egg_info
creating ../../build/robot_final_navigation/robot_final_navigation.egg-info
writing ../../build/robot_final_navigation/robot_final_navigation.egg-info/PKG-INFO
writing dependency_links to ../../build/robot_final_navigation/robot_final_navigation.egg-info/dependency_links.txt
writing entry points to ../../build/robot_final_navigation/robot_final_navigation.egg-info/entry_points.txt
writing requirements to ../../build/robot_final_navigation/robot_final_navigation.egg-info/requires.txt
writing top-level names to ../../build/robot_final_navigation/robot_final_navigation.egg-info/top_level.txt
writing manifest file '../../build/robot_final_navigation/robot_final_navigation.egg-info/SOURCES.txt'
reading manifest file '../../build/robot_final_navigation/robot_final_navigation.egg-info/SOURCES.txt'
writing manifest file '../../build/robot_final_navigation/robot_final_navigation.egg-info/SOURCES.txt'
running build
running build_py
creating /home/flynn/robot_final/build/robot_final_navigation/build
creating /home/flynn/robot_final/build/robot_final_navigation/build/lib
creating /home/flynn/robot_final/build/robot_final_navigation/build/lib/robot_final_navigation
copying robot_final_navigation/__init__.py -> /home/flynn/robot_final/build/robot_final_navigation/build/lib/robot_final_navigation
copying robot_final_navigation/nav2_goal_sender.py -> /home/flynn/robot_final/build/robot_final_navigation/build/lib/robot_final_navigation
copying robot_final_navigation/health_route_manager.py -> /home/flynn/robot_final/build/robot_final_navigation/build/lib/robot_final_navigation
running install
running install_lib
creating /home/flynn/robot_final/install/robot_final_navigation/lib/python3.10/site-packages/robot_final_navigation
copying /home/flynn/robot_final/build/robot_final_navigation/build/lib/robot_final_navigation/__init__.py -> /home/flynn/robot_final/install/robot_final_navigation/lib/python3.10/site-packages/robot_final_navigation
copying /home/flynn/robot_final/build/robot_final_navigation/build/lib/robot_final_navigation/nav2_goal_sender.py -> /home/flynn/robot_final/install/robot_final_navigation/lib/python3.10/site-packages/robot_final_navigation
copying /home/flynn/robot_final/build/robot_final_navigation/build/lib/robot_final_navigation/health_route_manager.py -> /home/flynn/robot_final/install/robot_final_navigation/lib/python3.10/site-packages/robot_final_navigation
byte-compiling /home/flynn/robot_final/install/robot_final_navigation/lib/python3.10/site-packages/robot_final_navigation/__init__.py to __init__.cpython-310.pyc
byte-compiling /home/flynn/robot_final/install/robot_final_navigation/lib/python3.10/site-packages/robot_final_navigation/nav2_goal_sender.py to nav2_goal_sender.cpython-310.pyc
byte-compiling /home/flynn/robot_final/install/robot_final_navigation/lib/python3.10/site-packages/robot_final_navigation/health_route_manager.py to health_route_manager.cpython-310.pyc
running install_data
creating /home/flynn/robot_final/install/robot_final_navigation/share/ament_index
creating /home/flynn/robot_final/install/robot_final_navigation/share/ament_index/resource_index
creating /home/flynn/robot_final/install/robot_final_navigation/share/ament_index/resource_index/packages
copying resource/robot_final_navigation -> /home/flynn/robot_final/install/robot_final_navigation/share/ament_index/resource_index/packages
copying package.xml -> /home/flynn/robot_final/install/robot_final_navigation/share/robot_final_navigation
running install_egg_info
Copying ../../build/robot_final_navigation/robot_final_navigation.egg-info to /home/flynn/robot_final/install/robot_final_navigation/lib/python3.10/site-packages/robot_final_navigation-0.0.0-py3.10.egg-info
running install_scripts
writing list of installed files to '/home/flynn/robot_final/build/robot_final_navigation/install.log'
