[1.636s] Invoking command in '/home/flynn/robot_final/src/robot_final_navigation': PYTHONPATH=/home/flynn/robot_final/build/robot_final_navigation/prefix_override:/usr/lib/python3/dist-packages/colcon_core/task/python/colcon_distutils_commands:/home/flynn/robot_final/install/robot_final_navigation/lib/python3.10/site-packages:${PYTHONPATH} /usr/bin/python3 -W ignore:setup.py install is deprecated -W ignore:easy_install command is deprecated setup.py egg_info --egg-base ../../build/robot_final_navigation build --build-base /home/flynn/robot_final/build/robot_final_navigation/build install --record /home/flynn/robot_final/build/robot_final_navigation/install.log --single-version-externally-managed install_data
[1.967s] running egg_info
[1.967s] creating ../../build/robot_final_navigation/robot_final_navigation.egg-info
[1.968s] writing ../../build/robot_final_navigation/robot_final_navigation.egg-info/PKG-INFO
[1.969s] writing dependency_links to ../../build/robot_final_navigation/robot_final_navigation.egg-info/dependency_links.txt
[1.969s] writing entry points to ../../build/robot_final_navigation/robot_final_navigation.egg-info/entry_points.txt
[1.969s] writing requirements to ../../build/robot_final_navigation/robot_final_navigation.egg-info/requires.txt
[1.969s] writing top-level names to ../../build/robot_final_navigation/robot_final_navigation.egg-info/top_level.txt
[1.971s] writing manifest file '../../build/robot_final_navigation/robot_final_navigation.egg-info/SOURCES.txt'
[1.974s] reading manifest file '../../build/robot_final_navigation/robot_final_navigation.egg-info/SOURCES.txt'
[1.975s] writing manifest file '../../build/robot_final_navigation/robot_final_navigation.egg-info/SOURCES.txt'
[1.976s] running build
[1.976s] running build_py
[1.976s] creating /home/flynn/robot_final/build/robot_final_navigation/build
[1.976s] creating /home/flynn/robot_final/build/robot_final_navigation/build/lib
[1.977s] creating /home/flynn/robot_final/build/robot_final_navigation/build/lib/robot_final_navigation
[1.977s] copying robot_final_navigation/__init__.py -> /home/flynn/robot_final/build/robot_final_navigation/build/lib/robot_final_navigation
[1.977s] copying robot_final_navigation/nav2_goal_sender.py -> /home/flynn/robot_final/build/robot_final_navigation/build/lib/robot_final_navigation
[1.977s] copying robot_final_navigation/health_route_manager.py -> /home/flynn/robot_final/build/robot_final_navigation/build/lib/robot_final_navigation
[1.977s] running install
[1.977s] running install_lib
[1.978s] creating /home/flynn/robot_final/install/robot_final_navigation/lib/python3.10/site-packages/robot_final_navigation
[1.978s] copying /home/flynn/robot_final/build/robot_final_navigation/build/lib/robot_final_navigation/__init__.py -> /home/flynn/robot_final/install/robot_final_navigation/lib/python3.10/site-packages/robot_final_navigation
[1.978s] copying /home/flynn/robot_final/build/robot_final_navigation/build/lib/robot_final_navigation/nav2_goal_sender.py -> /home/flynn/robot_final/install/robot_final_navigation/lib/python3.10/site-packages/robot_final_navigation
[1.978s] copying /home/flynn/robot_final/build/robot_final_navigation/build/lib/robot_final_navigation/health_route_manager.py -> /home/flynn/robot_final/install/robot_final_navigation/lib/python3.10/site-packages/robot_final_navigation
[1.979s] byte-compiling /home/flynn/robot_final/install/robot_final_navigation/lib/python3.10/site-packages/robot_final_navigation/__init__.py to __init__.cpython-310.pyc
[1.980s] byte-compiling /home/flynn/robot_final/install/robot_final_navigation/lib/python3.10/site-packages/robot_final_navigation/nav2_goal_sender.py to nav2_goal_sender.cpython-310.pyc
[1.980s] byte-compiling /home/flynn/robot_final/install/robot_final_navigation/lib/python3.10/site-packages/robot_final_navigation/health_route_manager.py to health_route_manager.cpython-310.pyc
[1.981s] running install_data
[1.981s] creating /home/flynn/robot_final/install/robot_final_navigation/share/ament_index
[1.981s] creating /home/flynn/robot_final/install/robot_final_navigation/share/ament_index/resource_index
[1.981s] creating /home/flynn/robot_final/install/robot_final_navigation/share/ament_index/resource_index/packages
[1.981s] copying resource/robot_final_navigation -> /home/flynn/robot_final/install/robot_final_navigation/share/ament_index/resource_index/packages
[1.981s] copying package.xml -> /home/flynn/robot_final/install/robot_final_navigation/share/robot_final_navigation
[1.981s] running install_egg_info
[1.985s] Copying ../../build/robot_final_navigation/robot_final_navigation.egg-info to /home/flynn/robot_final/install/robot_final_navigation/lib/python3.10/site-packages/robot_final_navigation-0.0.0-py3.10.egg-info
[1.985s] running install_scripts
[2.029s] writing list of installed files to '/home/flynn/robot_final/build/robot_final_navigation/install.log'
[2.104s] Invoked command in '/home/flynn/robot_final/src/robot_final_navigation' returned '0': PYTHONPATH=/home/flynn/robot_final/build/robot_final_navigation/prefix_override:/usr/lib/python3/dist-packages/colcon_core/task/python/colcon_distutils_commands:/home/flynn/robot_final/install/robot_final_navigation/lib/python3.10/site-packages:${PYTHONPATH} /usr/bin/python3 -W ignore:setup.py install is deprecated -W ignore:easy_install command is deprecated setup.py egg_info --egg-base ../../build/robot_final_navigation build --build-base /home/flynn/robot_final/build/robot_final_navigation/build install --record /home/flynn/robot_final/build/robot_final_navigation/install.log --single-version-externally-managed install_data
