running egg_info
creating ../../build/robot_final_hri/robot_final_hri.egg-info
writing ../../build/robot_final_hri/robot_final_hri.egg-info/PKG-INFO
writing dependency_links to ../../build/robot_final_hri/robot_final_hri.egg-info/dependency_links.txt
writing entry points to ../../build/robot_final_hri/robot_final_hri.egg-info/entry_points.txt
writing requirements to ../../build/robot_final_hri/robot_final_hri.egg-info/requires.txt
writing top-level names to ../../build/robot_final_hri/robot_final_hri.egg-info/top_level.txt
writing manifest file '../../build/robot_final_hri/robot_final_hri.egg-info/SOURCES.txt'
reading manifest file '../../build/robot_final_hri/robot_final_hri.egg-info/SOURCES.txt'
writing manifest file '../../build/robot_final_hri/robot_final_hri.egg-info/SOURCES.txt'
running build
running build_py
creating /home/flynn/robot_final/build/robot_final_hri/build
creating /home/flynn/robot_final/build/robot_final_hri/build/lib
creating /home/flynn/robot_final/build/robot_final_hri/build/lib/robot_final_hri
copying robot_final_hri/voice_guide_node.py -> /home/flynn/robot_final/build/robot_final_hri/build/lib/robot_final_hri
copying robot_final_hri/__init__.py -> /home/flynn/robot_final/build/robot_final_hri/build/lib/robot_final_hri
running install
running install_lib
creating /home/flynn/robot_final/install/robot_final_hri/lib/python3.10/site-packages/robot_final_hri
copying /home/flynn/robot_final/build/robot_final_hri/build/lib/robot_final_hri/voice_guide_node.py -> /home/flynn/robot_final/install/robot_final_hri/lib/python3.10/site-packages/robot_final_hri
copying /home/flynn/robot_final/build/robot_final_hri/build/lib/robot_final_hri/__init__.py -> /home/flynn/robot_final/install/robot_final_hri/lib/python3.10/site-packages/robot_final_hri
byte-compiling /home/flynn/robot_final/install/robot_final_hri/lib/python3.10/site-packages/robot_final_hri/voice_guide_node.py to voice_guide_node.cpython-310.pyc
byte-compiling /home/flynn/robot_final/install/robot_final_hri/lib/python3.10/site-packages/robot_final_hri/__init__.py to __init__.cpython-310.pyc
running install_data
creating /home/flynn/robot_final/install/robot_final_hri/share/ament_index
creating /home/flynn/robot_final/install/robot_final_hri/share/ament_index/resource_index
creating /home/flynn/robot_final/install/robot_final_hri/share/ament_index/resource_index/packages
copying resource/robot_final_hri -> /home/flynn/robot_final/install/robot_final_hri/share/ament_index/resource_index/packages
copying package.xml -> /home/flynn/robot_final/install/robot_final_hri/share/robot_final_hri
running install_egg_info
Copying ../../build/robot_final_hri/robot_final_hri.egg-info to /home/flynn/robot_final/install/robot_final_hri/lib/python3.10/site-packages/robot_final_hri-0.0.0-py3.10.egg-info
running install_scripts
writing list of installed files to '/home/flynn/robot_final/build/robot_final_hri/install.log'
