[1.630s] Invoking command in '/home/flynn/robot_final/src/robot_final_hri': PYTHONPATH=/home/flynn/robot_final/build/robot_final_hri/prefix_override:/usr/lib/python3/dist-packages/colcon_core/task/python/colcon_distutils_commands:/home/flynn/robot_final/install/robot_final_hri/lib/python3.10/site-packages:${PYTHONPATH} /usr/bin/python3 -W ignore:setup.py install is deprecated -W ignore:easy_install command is deprecated setup.py egg_info --egg-base ../../build/robot_final_hri build --build-base /home/flynn/robot_final/build/robot_final_hri/build install --record /home/flynn/robot_final/build/robot_final_hri/install.log --single-version-externally-managed install_data
[1.953s] running egg_info
[1.954s] creating ../../build/robot_final_hri/robot_final_hri.egg-info
[1.954s] writing ../../build/robot_final_hri/robot_final_hri.egg-info/PKG-INFO
[1.955s] writing dependency_links to ../../build/robot_final_hri/robot_final_hri.egg-info/dependency_links.txt
[1.955s] writing entry points to ../../build/robot_final_hri/robot_final_hri.egg-info/entry_points.txt
[1.955s] writing requirements to ../../build/robot_final_hri/robot_final_hri.egg-info/requires.txt
[1.955s] writing top-level names to ../../build/robot_final_hri/robot_final_hri.egg-info/top_level.txt
[1.955s] writing manifest file '../../build/robot_final_hri/robot_final_hri.egg-info/SOURCES.txt'
[1.959s] reading manifest file '../../build/robot_final_hri/robot_final_hri.egg-info/SOURCES.txt'
[1.960s] writing manifest file '../../build/robot_final_hri/robot_final_hri.egg-info/SOURCES.txt'
[1.960s] running build
[1.960s] running build_py
[1.961s] creating /home/flynn/robot_final/build/robot_final_hri/build
[1.962s] creating /home/flynn/robot_final/build/robot_final_hri/build/lib
[1.962s] creating /home/flynn/robot_final/build/robot_final_hri/build/lib/robot_final_hri
[1.962s] copying robot_final_hri/voice_guide_node.py -> /home/flynn/robot_final/build/robot_final_hri/build/lib/robot_final_hri
[1.962s] copying robot_final_hri/__init__.py -> /home/flynn/robot_final/build/robot_final_hri/build/lib/robot_final_hri
[1.962s] running install
[1.963s] running install_lib
[1.963s] creating /home/flynn/robot_final/install/robot_final_hri/lib/python3.10/site-packages/robot_final_hri
[1.964s] copying /home/flynn/robot_final/build/robot_final_hri/build/lib/robot_final_hri/voice_guide_node.py -> /home/flynn/robot_final/install/robot_final_hri/lib/python3.10/site-packages/robot_final_hri
[1.964s] copying /home/flynn/robot_final/build/robot_final_hri/build/lib/robot_final_hri/__init__.py -> /home/flynn/robot_final/install/robot_final_hri/lib/python3.10/site-packages/robot_final_hri
[1.964s] byte-compiling /home/flynn/robot_final/install/robot_final_hri/lib/python3.10/site-packages/robot_final_hri/voice_guide_node.py to voice_guide_node.cpython-310.pyc
[1.964s] byte-compiling /home/flynn/robot_final/install/robot_final_hri/lib/python3.10/site-packages/robot_final_hri/__init__.py to __init__.cpython-310.pyc
[1.964s] running install_data
[1.964s] creating /home/flynn/robot_final/install/robot_final_hri/share/ament_index
[1.965s] creating /home/flynn/robot_final/install/robot_final_hri/share/ament_index/resource_index
[1.965s] creating /home/flynn/robot_final/install/robot_final_hri/share/ament_index/resource_index/packages
[1.965s] copying resource/robot_final_hri -> /home/flynn/robot_final/install/robot_final_hri/share/ament_index/resource_index/packages
[1.965s] copying package.xml -> /home/flynn/robot_final/install/robot_final_hri/share/robot_final_hri
[1.965s] running install_egg_info
[1.969s] Copying ../../build/robot_final_hri/robot_final_hri.egg-info to /home/flynn/robot_final/install/robot_final_hri/lib/python3.10/site-packages/robot_final_hri-0.0.0-py3.10.egg-info
[1.970s] running install_scripts
[2.009s] writing list of installed files to '/home/flynn/robot_final/build/robot_final_hri/install.log'
[2.082s] Invoked command in '/home/flynn/robot_final/src/robot_final_hri' returned '0': PYTHONPATH=/home/flynn/robot_final/build/robot_final_hri/prefix_override:/usr/lib/python3/dist-packages/colcon_core/task/python/colcon_distutils_commands:/home/flynn/robot_final/install/robot_final_hri/lib/python3.10/site-packages:${PYTHONPATH} /usr/bin/python3 -W ignore:setup.py install is deprecated -W ignore:easy_install command is deprecated setup.py egg_info --egg-base ../../build/robot_final_hri build --build-base /home/flynn/robot_final/build/robot_final_hri/build install --record /home/flynn/robot_final/build/robot_final_hri/install.log --single-version-externally-managed install_data
