running egg_info
creating ../../build/robot_final_bringup/robot_final_bringup.egg-info
writing ../../build/robot_final_bringup/robot_final_bringup.egg-info/PKG-INFO
writing dependency_links to ../../build/robot_final_bringup/robot_final_bringup.egg-info/dependency_links.txt
writing entry points to ../../build/robot_final_bringup/robot_final_bringup.egg-info/entry_points.txt
writing requirements to ../../build/robot_final_bringup/robot_final_bringup.egg-info/requires.txt
writing top-level names to ../../build/robot_final_bringup/robot_final_bringup.egg-info/top_level.txt
writing manifest file '../../build/robot_final_bringup/robot_final_bringup.egg-info/SOURCES.txt'
reading manifest file '../../build/robot_final_bringup/robot_final_bringup.egg-info/SOURCES.txt'
writing manifest file '../../build/robot_final_bringup/robot_final_bringup.egg-info/SOURCES.txt'
running build
running build_py
creating /home/flynn/robot_final/build/robot_final_bringup/build
creating /home/flynn/robot_final/build/robot_final_bringup/build/lib
creating /home/flynn/robot_final/build/robot_final_bringup/build/lib/robot_final_bringup
copying robot_final_bringup/__init__.py -> /home/flynn/robot_final/build/robot_final_bringup/build/lib/robot_final_bringup
copying robot_final_bringup/bringup.launch.py -> /home/flynn/robot_final/build/robot_final_bringup/build/lib/robot_final_bringup
running install
running install_lib
creating /home/flynn/robot_final/install/robot_final_bringup/lib/python3.10/site-packages/robot_final_bringup
copying /home/flynn/robot_final/build/robot_final_bringup/build/lib/robot_final_bringup/__init__.py -> /home/flynn/robot_final/install/robot_final_bringup/lib/python3.10/site-packages/robot_final_bringup
copying /home/flynn/robot_final/build/robot_final_bringup/build/lib/robot_final_bringup/bringup.launch.py -> /home/flynn/robot_final/install/robot_final_bringup/lib/python3.10/site-packages/robot_final_bringup
byte-compiling /home/flynn/robot_final/install/robot_final_bringup/lib/python3.10/site-packages/robot_final_bringup/__init__.py to __init__.cpython-310.pyc
byte-compiling /home/flynn/robot_final/install/robot_final_bringup/lib/python3.10/site-packages/robot_final_bringup/bringup.launch.py to bringup.launch.cpython-310.pyc
running install_data
creating /home/flynn/robot_final/install/robot_final_bringup/share/ament_index
creating /home/flynn/robot_final/install/robot_final_bringup/share/ament_index/resource_index
creating /home/flynn/robot_final/install/robot_final_bringup/share/ament_index/resource_index/packages
copying resource/robot_final_bringup -> /home/flynn/robot_final/install/robot_final_bringup/share/ament_index/resource_index/packages
copying package.xml -> /home/flynn/robot_final/install/robot_final_bringup/share/robot_final_bringup
running install_egg_info
Copying ../../build/robot_final_bringup/robot_final_bringup.egg-info to /home/flynn/robot_final/install/robot_final_bringup/lib/python3.10/site-packages/robot_final_bringup-0.0.0-py3.10.egg-info
running install_scripts
writing list of installed files to '/home/flynn/robot_final/build/robot_final_bringup/install.log'
