[1.634s] Invoking command in '/home/flynn/robot_final/src/robot_final_bringup': PYTHONPATH=/home/flynn/robot_final/build/robot_final_bringup/prefix_override:/usr/lib/python3/dist-packages/colcon_core/task/python/colcon_distutils_commands:/home/flynn/robot_final/install/robot_final_bringup/lib/python3.10/site-packages:${PYTHONPATH} /usr/bin/python3 -W ignore:setup.py install is deprecated -W ignore:easy_install command is deprecated setup.py egg_info --egg-base ../../build/robot_final_bringup build --build-base /home/flynn/robot_final/build/robot_final_bringup/build install --record /home/flynn/robot_final/build/robot_final_bringup/install.log --single-version-externally-managed install_data
[1.958s] running egg_info
[1.959s] creating ../../build/robot_final_bringup/robot_final_bringup.egg-info
[1.959s] writing ../../build/robot_final_bringup/robot_final_bringup.egg-info/PKG-INFO
[1.959s] writing dependency_links to ../../build/robot_final_bringup/robot_final_bringup.egg-info/dependency_links.txt
[1.960s] writing entry points to ../../build/robot_final_bringup/robot_final_bringup.egg-info/entry_points.txt
[1.960s] writing requirements to ../../build/robot_final_bringup/robot_final_bringup.egg-info/requires.txt
[1.960s] writing top-level names to ../../build/robot_final_bringup/robot_final_bringup.egg-info/top_level.txt
[1.960s] writing manifest file '../../build/robot_final_bringup/robot_final_bringup.egg-info/SOURCES.txt'
[1.964s] reading manifest file '../../build/robot_final_bringup/robot_final_bringup.egg-info/SOURCES.txt'
[1.965s] writing manifest file '../../build/robot_final_bringup/robot_final_bringup.egg-info/SOURCES.txt'
[1.965s] running build
[1.965s] running build_py
[1.966s] creating /home/flynn/robot_final/build/robot_final_bringup/build
[1.966s] creating /home/flynn/robot_final/build/robot_final_bringup/build/lib
[1.966s] creating /home/flynn/robot_final/build/robot_final_bringup/build/lib/robot_final_bringup
[1.966s] copying robot_final_bringup/__init__.py -> /home/flynn/robot_final/build/robot_final_bringup/build/lib/robot_final_bringup
[1.966s] copying robot_final_bringup/bringup.launch.py -> /home/flynn/robot_final/build/robot_final_bringup/build/lib/robot_final_bringup
[1.966s] running install
[1.966s] running install_lib
[1.968s] creating /home/flynn/robot_final/install/robot_final_bringup/lib/python3.10/site-packages/robot_final_bringup
[1.968s] copying /home/flynn/robot_final/build/robot_final_bringup/build/lib/robot_final_bringup/__init__.py -> /home/flynn/robot_final/install/robot_final_bringup/lib/python3.10/site-packages/robot_final_bringup
[1.968s] copying /home/flynn/robot_final/build/robot_final_bringup/build/lib/robot_final_bringup/bringup.launch.py -> /home/flynn/robot_final/install/robot_final_bringup/lib/python3.10/site-packages/robot_final_bringup
[1.969s] byte-compiling /home/flynn/robot_final/install/robot_final_bringup/lib/python3.10/site-packages/robot_final_bringup/__init__.py to __init__.cpython-310.pyc
[1.969s] byte-compiling /home/flynn/robot_final/install/robot_final_bringup/lib/python3.10/site-packages/robot_final_bringup/bringup.launch.py to bringup.launch.cpython-310.pyc
[1.970s] running install_data
[1.970s] creating /home/flynn/robot_final/install/robot_final_bringup/share/ament_index
[1.970s] creating /home/flynn/robot_final/install/robot_final_bringup/share/ament_index/resource_index
[1.970s] creating /home/flynn/robot_final/install/robot_final_bringup/share/ament_index/resource_index/packages
[1.970s] copying resource/robot_final_bringup -> /home/flynn/robot_final/install/robot_final_bringup/share/ament_index/resource_index/packages
[1.971s] copying package.xml -> /home/flynn/robot_final/install/robot_final_bringup/share/robot_final_bringup
[1.971s] running install_egg_info
[1.973s] Copying ../../build/robot_final_bringup/robot_final_bringup.egg-info to /home/flynn/robot_final/install/robot_final_bringup/lib/python3.10/site-packages/robot_final_bringup-0.0.0-py3.10.egg-info
[1.974s] running install_scripts
[2.014s] writing list of installed files to '/home/flynn/robot_final/build/robot_final_bringup/install.log'
[2.065s] Invoked command in '/home/flynn/robot_final/src/robot_final_bringup' returned '0': PYTHONPATH=/home/flynn/robot_final/build/robot_final_bringup/prefix_override:/usr/lib/python3/dist-packages/colcon_core/task/python/colcon_distutils_commands:/home/flynn/robot_final/install/robot_final_bringup/lib/python3.10/site-packages:${PYTHONPATH} /usr/bin/python3 -W ignore:setup.py install is deprecated -W ignore:easy_install command is deprecated setup.py egg_info --egg-base ../../build/robot_final_bringup build --build-base /home/flynn/robot_final/build/robot_final_bringup/build install --record /home/flynn/robot_final/build/robot_final_bringup/install.log --single-version-externally-managed install_data
