[0.110s] DEBUG:colcon:Command line arguments: ['/usr/bin/colcon', 'build']
[0.110s] DEBUG:colcon:Parsed command line arguments: Namespace(log_base=None, log_level=None, verb_name='build', build_base='build', install_base='install', merge_install=False, symlink_install=False, test_result_base=None, continue_on_error=False, executor='parallel', parallel_workers=24, event_handlers=None, ignore_user_meta=False, metas=['./colcon.meta'], base_paths=['.'], packages_ignore=None, packages_ignore_regex=None, paths=None, packages_up_to=None, packages_up_to_regex=None, packages_above=None, packages_above_and_dependencies=None, packages_above_depth=None, packages_select_by_dep=None, packages_skip_by_dep=None, packages_skip_up_to=None, packages_select_build_failed=False, packages_skip_build_finished=False, packages_select_test_failures=False, packages_skip_test_passed=False, packages_select=None, packages_skip=None, packages_select_regex=None, packages_skip_regex=None, packages_start=None, packages_end=None, allow_overriding=[], cmake_args=None, cmake_target=None, cmake_target_skip_unavailable=False, cmake_clean_cache=False, cmake_clean_first=False, cmake_force_configure=False, ament_cmake_args=None, catkin_cmake_args=None, catkin_skip_building_tests=False, mixin_files=None, mixin=None, verb_parser=<colcon_mixin.mixin.mixin_argument.MixinArgumentDecorator object at 0x79f6ba85a5f0>, verb_extension=<colcon_core.verb.build.BuildVerb object at 0x79f6ba96b5e0>, main=<bound method BuildVerb.main of <colcon_core.verb.build.BuildVerb object at 0x79f6ba96b5e0>>, mixin_verb=('build',))
[0.276s] Level 1:colcon.colcon_core.package_discovery:discover_packages(colcon_meta) check parameters
[0.276s] Level 1:colcon.colcon_core.package_discovery:discover_packages(recursive) check parameters
[0.276s] Level 1:colcon.colcon_core.package_discovery:discover_packages(ignore) check parameters
[0.276s] Level 1:colcon.colcon_core.package_discovery:discover_packages(path) check parameters
[0.276s] Level 1:colcon.colcon_core.package_discovery:discover_packages(colcon_meta) discover
[0.276s] Level 1:colcon.colcon_core.package_discovery:discover_packages(recursive) discover
[0.276s] INFO:colcon.colcon_core.package_discovery:Crawling recursively for packages in '/home/flynn/robot_final'
[0.276s] Level 1:colcon.colcon_core.package_identification:_identify(.) by extensions ['ignore', 'ignore_ament_install']
[0.276s] Level 1:colcon.colcon_core.package_identification:_identify(.) by extension 'ignore'
[0.277s] Level 1:colcon.colcon_core.package_identification:_identify(.) by extension 'ignore_ament_install'
[0.277s] Level 1:colcon.colcon_core.package_identification:_identify(.) by extensions ['colcon_pkg']
[0.277s] Level 1:colcon.colcon_core.package_identification:_identify(.) by extension 'colcon_pkg'
[0.277s] Level 1:colcon.colcon_core.package_identification:_identify(.) by extensions ['colcon_meta']
[0.277s] Level 1:colcon.colcon_core.package_identification:_identify(.) by extension 'colcon_meta'
[0.277s] Level 1:colcon.colcon_core.package_identification:_identify(.) by extensions ['ros']
[0.277s] Level 1:colcon.colcon_core.package_identification:_identify(.) by extension 'ros'
[0.288s] Level 1:colcon.colcon_core.package_identification:_identify(.) by extensions ['cmake', 'python']
[0.288s] Level 1:colcon.colcon_core.package_identification:_identify(.) by extension 'cmake'
[0.288s] Level 1:colcon.colcon_core.package_identification:_identify(.) by extension 'python'
[0.288s] Level 1:colcon.colcon_core.package_identification:_identify(.) by extensions ['python_setup_py']
[0.288s] Level 1:colcon.colcon_core.package_identification:_identify(.) by extension 'python_setup_py'
[0.288s] Level 1:colcon.colcon_core.package_identification:_identify(build) by extensions ['ignore', 'ignore_ament_install']
[0.289s] Level 1:colcon.colcon_core.package_identification:_identify(build) by extension 'ignore'
[0.289s] Level 1:colcon.colcon_core.package_identification:_identify(build) ignored
[0.289s] Level 1:colcon.colcon_core.package_identification:_identify(install) by extensions ['ignore', 'ignore_ament_install']
[0.289s] Level 1:colcon.colcon_core.package_identification:_identify(install) by extension 'ignore'
[0.289s] Level 1:colcon.colcon_core.package_identification:_identify(install) ignored
[0.289s] Level 1:colcon.colcon_core.package_identification:_identify(log) by extensions ['ignore', 'ignore_ament_install']
[0.289s] Level 1:colcon.colcon_core.package_identification:_identify(log) by extension 'ignore'
[0.289s] Level 1:colcon.colcon_core.package_identification:_identify(log) ignored
[0.289s] Level 1:colcon.colcon_core.package_identification:_identify(src) by extensions ['ignore', 'ignore_ament_install']
[0.289s] Level 1:colcon.colcon_core.package_identification:_identify(src) by extension 'ignore'
[0.289s] Level 1:colcon.colcon_core.package_identification:_identify(src) by extension 'ignore_ament_install'
[0.289s] Level 1:colcon.colcon_core.package_identification:_identify(src) by extensions ['colcon_pkg']
[0.289s] Level 1:colcon.colcon_core.package_identification:_identify(src) by extension 'colcon_pkg'
[0.289s] Level 1:colcon.colcon_core.package_identification:_identify(src) by extensions ['colcon_meta']
[0.289s] Level 1:colcon.colcon_core.package_identification:_identify(src) by extension 'colcon_meta'
[0.289s] Level 1:colcon.colcon_core.package_identification:_identify(src) by extensions ['ros']
[0.289s] Level 1:colcon.colcon_core.package_identification:_identify(src) by extension 'ros'
[0.289s] Level 1:colcon.colcon_core.package_identification:_identify(src) by extensions ['cmake', 'python']
[0.289s] Level 1:colcon.colcon_core.package_identification:_identify(src) by extension 'cmake'
[0.289s] Level 1:colcon.colcon_core.package_identification:_identify(src) by extension 'python'
[0.289s] Level 1:colcon.colcon_core.package_identification:_identify(src) by extensions ['python_setup_py']
[0.290s] Level 1:colcon.colcon_core.package_identification:_identify(src) by extension 'python_setup_py'
[0.290s] Level 1:colcon.colcon_core.package_identification:_identify(src/py_bt_ros) by extensions ['ignore', 'ignore_ament_install']
[0.290s] Level 1:colcon.colcon_core.package_identification:_identify(src/py_bt_ros) by extension 'ignore'
[0.290s] Level 1:colcon.colcon_core.package_identification:_identify(src/py_bt_ros) by extension 'ignore_ament_install'
[0.290s] Level 1:colcon.colcon_core.package_identification:_identify(src/py_bt_ros) by extensions ['colcon_pkg']
[0.290s] Level 1:colcon.colcon_core.package_identification:_identify(src/py_bt_ros) by extension 'colcon_pkg'
[0.290s] Level 1:colcon.colcon_core.package_identification:_identify(src/py_bt_ros) by extensions ['colcon_meta']
[0.290s] Level 1:colcon.colcon_core.package_identification:_identify(src/py_bt_ros) by extension 'colcon_meta'
[0.290s] Level 1:colcon.colcon_core.package_identification:_identify(src/py_bt_ros) by extensions ['ros']
[0.290s] Level 1:colcon.colcon_core.package_identification:_identify(src/py_bt_ros) by extension 'ros'
[0.290s] Level 1:colcon.colcon_core.package_identification:_identify(src/py_bt_ros) by extensions ['cmake', 'python']
[0.290s] Level 1:colcon.colcon_core.package_identification:_identify(src/py_bt_ros) by extension 'cmake'
[0.290s] Level 1:colcon.colcon_core.package_identification:_identify(src/py_bt_ros) by extension 'python'
[0.290s] Level 1:colcon.colcon_core.package_identification:_identify(src/py_bt_ros) by extensions ['python_setup_py']
[0.290s] Level 1:colcon.colcon_core.package_identification:_identify(src/py_bt_ros) by extension 'python_setup_py'
[0.290s] Level 1:colcon.colcon_core.package_identification:_identify(src/py_bt_ros/docs) by extensions ['ignore', 'ignore_ament_install']
[0.290s] Level 1:colcon.colcon_core.package_identification:_identify(src/py_bt_ros/docs) by extension 'ignore'
[0.290s] Level 1:colcon.colcon_core.package_identification:_identify(src/py_bt_ros/docs) by extension 'ignore_ament_install'
[0.290s] Level 1:colcon.colcon_core.package_identification:_identify(src/py_bt_ros/docs) by extensions ['colcon_pkg']
[0.290s] Level 1:colcon.colcon_core.package_identification:_identify(src/py_bt_ros/docs) by extension 'colcon_pkg'
[0.290s] Level 1:colcon.colcon_core.package_identification:_identify(src/py_bt_ros/docs) by extensions ['colcon_meta']
[0.290s] Level 1:colcon.colcon_core.package_identification:_identify(src/py_bt_ros/docs) by extension 'colcon_meta'
[0.290s] Level 1:colcon.colcon_core.package_identification:_identify(src/py_bt_ros/docs) by extensions ['ros']
[0.290s] Level 1:colcon.colcon_core.package_identification:_identify(src/py_bt_ros/docs) by extension 'ros'
[0.291s] Level 1:colcon.colcon_core.package_identification:_identify(src/py_bt_ros/docs) by extensions ['cmake', 'python']
[0.291s] Level 1:colcon.colcon_core.package_identification:_identify(src/py_bt_ros/docs) by extension 'cmake'
[0.291s] Level 1:colcon.colcon_core.package_identification:_identify(src/py_bt_ros/docs) by extension 'python'
[0.291s] Level 1:colcon.colcon_core.package_identification:_identify(src/py_bt_ros/docs) by extensions ['python_setup_py']
[0.291s] Level 1:colcon.colcon_core.package_identification:_identify(src/py_bt_ros/docs) by extension 'python_setup_py'
[0.291s] Level 1:colcon.colcon_core.package_identification:_identify(src/py_bt_ros/modules) by extensions ['ignore', 'ignore_ament_install']
[0.291s] Level 1:colcon.colcon_core.package_identification:_identify(src/py_bt_ros/modules) by extension 'ignore'
[0.291s] Level 1:colcon.colcon_core.package_identification:_identify(src/py_bt_ros/modules) by extension 'ignore_ament_install'
[0.291s] Level 1:colcon.colcon_core.package_identification:_identify(src/py_bt_ros/modules) by extensions ['colcon_pkg']
[0.291s] Level 1:colcon.colcon_core.package_identification:_identify(src/py_bt_ros/modules) by extension 'colcon_pkg'
[0.291s] Level 1:colcon.colcon_core.package_identification:_identify(src/py_bt_ros/modules) by extensions ['colcon_meta']
[0.291s] Level 1:colcon.colcon_core.package_identification:_identify(src/py_bt_ros/modules) by extension 'colcon_meta'
[0.291s] Level 1:colcon.colcon_core.package_identification:_identify(src/py_bt_ros/modules) by extensions ['ros']
[0.291s] Level 1:colcon.colcon_core.package_identification:_identify(src/py_bt_ros/modules) by extension 'ros'
[0.291s] Level 1:colcon.colcon_core.package_identification:_identify(src/py_bt_ros/modules) by extensions ['cmake', 'python']
[0.291s] Level 1:colcon.colcon_core.package_identification:_identify(src/py_bt_ros/modules) by extension 'cmake'
[0.291s] Level 1:colcon.colcon_core.package_identification:_identify(src/py_bt_ros/modules) by extension 'python'
[0.291s] Level 1:colcon.colcon_core.package_identification:_identify(src/py_bt_ros/modules) by extensions ['python_setup_py']
[0.291s] Level 1:colcon.colcon_core.package_identification:_identify(src/py_bt_ros/modules) by extension 'python_setup_py'
[0.291s] Level 1:colcon.colcon_core.package_identification:_identify(src/py_bt_ros/scenarios) by extensions ['ignore', 'ignore_ament_install']
[0.291s] Level 1:colcon.colcon_core.package_identification:_identify(src/py_bt_ros/scenarios) by extension 'ignore'
[0.291s] Level 1:colcon.colcon_core.package_identification:_identify(src/py_bt_ros/scenarios) by extension 'ignore_ament_install'
[0.291s] Level 1:colcon.colcon_core.package_identification:_identify(src/py_bt_ros/scenarios) by extensions ['colcon_pkg']
[0.292s] Level 1:colcon.colcon_core.package_identification:_identify(src/py_bt_ros/scenarios) by extension 'colcon_pkg'
[0.292s] Level 1:colcon.colcon_core.package_identification:_identify(src/py_bt_ros/scenarios) by extensions ['colcon_meta']
[0.292s] Level 1:colcon.colcon_core.package_identification:_identify(src/py_bt_ros/scenarios) by extension 'colcon_meta'
[0.292s] Level 1:colcon.colcon_core.package_identification:_identify(src/py_bt_ros/scenarios) by extensions ['ros']
[0.292s] Level 1:colcon.colcon_core.package_identification:_identify(src/py_bt_ros/scenarios) by extension 'ros'
[0.292s] Level 1:colcon.colcon_core.package_identification:_identify(src/py_bt_ros/scenarios) by extensions ['cmake', 'python']
[0.292s] Level 1:colcon.colcon_core.package_identification:_identify(src/py_bt_ros/scenarios) by extension 'cmake'
[0.292s] Level 1:colcon.colcon_core.package_identification:_identify(src/py_bt_ros/scenarios) by extension 'python'
[0.292s] Level 1:colcon.colcon_core.package_identification:_identify(src/py_bt_ros/scenarios) by extensions ['python_setup_py']
[0.292s] Level 1:colcon.colcon_core.package_identification:_identify(src/py_bt_ros/scenarios) by extension 'python_setup_py'
[0.292s] Level 1:colcon.colcon_core.package_identification:_identify(src/py_bt_ros/scenarios/example_turtlesim) by extensions ['ignore', 'ignore_ament_install']
[0.292s] Level 1:colcon.colcon_core.package_identification:_identify(src/py_bt_ros/scenarios/example_turtlesim) by extension 'ignore'
[0.292s] Level 1:colcon.colcon_core.package_identification:_identify(src/py_bt_ros/scenarios/example_turtlesim) by extension 'ignore_ament_install'
[0.292s] Level 1:colcon.colcon_core.package_identification:_identify(src/py_bt_ros/scenarios/example_turtlesim) by extensions ['colcon_pkg']
[0.292s] Level 1:colcon.colcon_core.package_identification:_identify(src/py_bt_ros/scenarios/example_turtlesim) by extension 'colcon_pkg'
[0.292s] Level 1:colcon.colcon_core.package_identification:_identify(src/py_bt_ros/scenarios/example_turtlesim) by extensions ['colcon_meta']
[0.292s] Level 1:colcon.colcon_core.package_identification:_identify(src/py_bt_ros/scenarios/example_turtlesim) by extension 'colcon_meta'
[0.292s] Level 1:colcon.colcon_core.package_identification:_identify(src/py_bt_ros/scenarios/example_turtlesim) by extensions ['ros']
[0.292s] Level 1:colcon.colcon_core.package_identification:_identify(src/py_bt_ros/scenarios/example_turtlesim) by extension 'ros'
[0.292s] Level 1:colcon.colcon_core.package_identification:_identify(src/py_bt_ros/scenarios/example_turtlesim) by extensions ['cmake', 'python']
[0.292s] Level 1:colcon.colcon_core.package_identification:_identify(src/py_bt_ros/scenarios/example_turtlesim) by extension 'cmake'
[0.292s] Level 1:colcon.colcon_core.package_identification:_identify(src/py_bt_ros/scenarios/example_turtlesim) by extension 'python'
[0.292s] Level 1:colcon.colcon_core.package_identification:_identify(src/py_bt_ros/scenarios/example_turtlesim) by extensions ['python_setup_py']
[0.292s] Level 1:colcon.colcon_core.package_identification:_identify(src/py_bt_ros/scenarios/example_turtlesim) by extension 'python_setup_py'
[0.292s] Level 1:colcon.colcon_core.package_identification:_identify(src/robot_final_bringup) by extensions ['ignore', 'ignore_ament_install']
[0.293s] Level 1:colcon.colcon_core.package_identification:_identify(src/robot_final_bringup) by extension 'ignore'
[0.293s] Level 1:colcon.colcon_core.package_identification:_identify(src/robot_final_bringup) by extension 'ignore_ament_install'
[0.293s] Level 1:colcon.colcon_core.package_identification:_identify(src/robot_final_bringup) by extensions ['colcon_pkg']
[0.293s] Level 1:colcon.colcon_core.package_identification:_identify(src/robot_final_bringup) by extension 'colcon_pkg'
[0.293s] Level 1:colcon.colcon_core.package_identification:_identify(src/robot_final_bringup) by extensions ['colcon_meta']
[0.293s] Level 1:colcon.colcon_core.package_identification:_identify(src/robot_final_bringup) by extension 'colcon_meta'
[0.293s] Level 1:colcon.colcon_core.package_identification:_identify(src/robot_final_bringup) by extensions ['ros']
[0.293s] Level 1:colcon.colcon_core.package_identification:_identify(src/robot_final_bringup) by extension 'ros'
[0.295s] DEBUG:colcon.colcon_core.package_identification:Package 'src/robot_final_bringup' with type 'ros.ament_python' and name 'robot_final_bringup'
[0.296s] Level 1:colcon.colcon_core.package_identification:_identify(src/robot_final_hri) by extensions ['ignore', 'ignore_ament_install']
[0.296s] Level 1:colcon.colcon_core.package_identification:_identify(src/robot_final_hri) by extension 'ignore'
[0.296s] Level 1:colcon.colcon_core.package_identification:_identify(src/robot_final_hri) by extension 'ignore_ament_install'
[0.296s] Level 1:colcon.colcon_core.package_identification:_identify(src/robot_final_hri) by extensions ['colcon_pkg']
[0.296s] Level 1:colcon.colcon_core.package_identification:_identify(src/robot_final_hri) by extension 'colcon_pkg'
[0.296s] Level 1:colcon.colcon_core.package_identification:_identify(src/robot_final_hri) by extensions ['colcon_meta']
[0.296s] Level 1:colcon.colcon_core.package_identification:_identify(src/robot_final_hri) by extension 'colcon_meta'
[0.296s] Level 1:colcon.colcon_core.package_identification:_identify(src/robot_final_hri) by extensions ['ros']
[0.296s] Level 1:colcon.colcon_core.package_identification:_identify(src/robot_final_hri) by extension 'ros'
[0.296s] DEBUG:colcon.colcon_core.package_identification:Package 'src/robot_final_hri' with type 'ros.ament_python' and name 'robot_final_hri'
[0.297s] Level 1:colcon.colcon_core.package_identification:_identify(src/robot_final_navigation) by extensions ['ignore', 'ignore_ament_install']
[0.297s] Level 1:colcon.colcon_core.package_identification:_identify(src/robot_final_navigation) by extension 'ignore'
[0.297s] Level 1:colcon.colcon_core.package_identification:_identify(src/robot_final_navigation) by extension 'ignore_ament_install'
[0.297s] Level 1:colcon.colcon_core.package_identification:_identify(src/robot_final_navigation) by extensions ['colcon_pkg']
[0.297s] Level 1:colcon.colcon_core.package_identification:_identify(src/robot_final_navigation) by extension 'colcon_pkg'
[0.297s] Level 1:colcon.colcon_core.package_identification:_identify(src/robot_final_navigation) by extensions ['colcon_meta']
[0.297s] Level 1:colcon.colcon_core.package_identification:_identify(src/robot_final_navigation) by extension 'colcon_meta'
[0.297s] Level 1:colcon.colcon_core.package_identification:_identify(src/robot_final_navigation) by extensions ['ros']
[0.297s] Level 1:colcon.colcon_core.package_identification:_identify(src/robot_final_navigation) by extension 'ros'
[0.297s] DEBUG:colcon.colcon_core.package_identification:Package 'src/robot_final_navigation' with type 'ros.ament_python' and name 'robot_final_navigation'
[0.297s] Level 1:colcon.colcon_core.package_identification:_identify(src/robot_final_perception) by extensions ['ignore', 'ignore_ament_install']
[0.298s] Level 1:colcon.colcon_core.package_identification:_identify(src/robot_final_perception) by extension 'ignore'
[0.298s] Level 1:colcon.colcon_core.package_identification:_identify(src/robot_final_perception) by extension 'ignore_ament_install'
[0.298s] Level 1:colcon.colcon_core.package_identification:_identify(src/robot_final_perception) by extensions ['colcon_pkg']
[0.298s] Level 1:colcon.colcon_core.package_identification:_identify(src/robot_final_perception) by extension 'colcon_pkg'
[0.298s] Level 1:colcon.colcon_core.package_identification:_identify(src/robot_final_perception) by extensions ['colcon_meta']
[0.298s] Level 1:colcon.colcon_core.package_identification:_identify(src/robot_final_perception) by extension 'colcon_meta'
[0.298s] Level 1:colcon.colcon_core.package_identification:_identify(src/robot_final_perception) by extensions ['ros']
[0.298s] Level 1:colcon.colcon_core.package_identification:_identify(src/robot_final_perception) by extension 'ros'
[0.298s] DEBUG:colcon.colcon_core.package_identification:Package 'src/robot_final_perception' with type 'ros.ament_python' and name 'robot_final_perception'
[0.298s] Level 1:colcon.colcon_core.package_discovery:discover_packages(recursive) using defaults
[0.298s] Level 1:colcon.colcon_core.package_discovery:discover_packages(ignore) discover
[0.298s] Level 1:colcon.colcon_core.package_discovery:discover_packages(ignore) using defaults
[0.298s] Level 1:colcon.colcon_core.package_discovery:discover_packages(path) discover
[0.298s] Level 1:colcon.colcon_core.package_discovery:discover_packages(path) using defaults
[0.327s] Level 1:colcon.colcon_core.package_discovery:discover_packages(prefix_path) check parameters
[0.327s] Level 1:colcon.colcon_core.package_discovery:discover_packages(prefix_path) discover
[0.329s] DEBUG:colcon.colcon_installed_package_information.package_discovery:Found 1 installed packages in /home/flynn/limo_ws/install
[0.330s] DEBUG:colcon.colcon_installed_package_information.package_discovery:Found 405 installed packages in /opt/ros/humble
[0.332s] Level 1:colcon.colcon_core.package_discovery:discover_packages(prefix_path) using defaults
[0.380s] Level 5:colcon.colcon_core.verb:set package 'robot_final_bringup' build argument 'cmake_args' from command line to 'None'
[0.380s] Level 5:colcon.colcon_core.verb:set package 'robot_final_bringup' build argument 'cmake_target' from command line to 'None'
[0.380s] Level 5:colcon.colcon_core.verb:set package 'robot_final_bringup' build argument 'cmake_target_skip_unavailable' from command line to 'False'
[0.380s] Level 5:colcon.colcon_core.verb:set package 'robot_final_bringup' build argument 'cmake_clean_cache' from command line to 'False'
[0.380s] Level 5:colcon.colcon_core.verb:set package 'robot_final_bringup' build argument 'cmake_clean_first' from command line to 'False'
[0.380s] Level 5:colcon.colcon_core.verb:set package 'robot_final_bringup' build argument 'cmake_force_configure' from command line to 'False'
[0.380s] Level 5:colcon.colcon_core.verb:set package 'robot_final_bringup' build argument 'ament_cmake_args' from command line to 'None'
[0.380s] Level 5:colcon.colcon_core.verb:set package 'robot_final_bringup' build argument 'catkin_cmake_args' from command line to 'None'
[0.380s] Level 5:colcon.colcon_core.verb:set package 'robot_final_bringup' build argument 'catkin_skip_building_tests' from command line to 'False'
[0.380s] DEBUG:colcon.colcon_core.verb:Building package 'robot_final_bringup' with the following arguments: {'ament_cmake_args': None, 'build_base': '/home/flynn/robot_final/build/robot_final_bringup', 'catkin_cmake_args': None, 'catkin_skip_building_tests': False, 'cmake_args': None, 'cmake_clean_cache': False, 'cmake_clean_first': False, 'cmake_force_configure': False, 'cmake_target': None, 'cmake_target_skip_unavailable': False, 'install_base': '/home/flynn/robot_final/install/robot_final_bringup', 'merge_install': False, 'path': '/home/flynn/robot_final/src/robot_final_bringup', 'symlink_install': False, 'test_result_base': None}
[0.380s] Level 5:colcon.colcon_core.verb:set package 'robot_final_hri' build argument 'cmake_args' from command line to 'None'
[0.380s] Level 5:colcon.colcon_core.verb:set package 'robot_final_hri' build argument 'cmake_target' from command line to 'None'
[0.380s] Level 5:colcon.colcon_core.verb:set package 'robot_final_hri' build argument 'cmake_target_skip_unavailable' from command line to 'False'
[0.381s] Level 5:colcon.colcon_core.verb:set package 'robot_final_hri' build argument 'cmake_clean_cache' from command line to 'False'
[0.381s] Level 5:colcon.colcon_core.verb:set package 'robot_final_hri' build argument 'cmake_clean_first' from command line to 'False'
[0.381s] Level 5:colcon.colcon_core.verb:set package 'robot_final_hri' build argument 'cmake_force_configure' from command line to 'False'
[0.381s] Level 5:colcon.colcon_core.verb:set package 'robot_final_hri' build argument 'ament_cmake_args' from command line to 'None'
[0.381s] Level 5:colcon.colcon_core.verb:set package 'robot_final_hri' build argument 'catkin_cmake_args' from command line to 'None'
[0.381s] Level 5:colcon.colcon_core.verb:set package 'robot_final_hri' build argument 'catkin_skip_building_tests' from command line to 'False'
[0.381s] DEBUG:colcon.colcon_core.verb:Building package 'robot_final_hri' with the following arguments: {'ament_cmake_args': None, 'build_base': '/home/flynn/robot_final/build/robot_final_hri', 'catkin_cmake_args': None, 'catkin_skip_building_tests': False, 'cmake_args': None, 'cmake_clean_cache': False, 'cmake_clean_first': False, 'cmake_force_configure': False, 'cmake_target': None, 'cmake_target_skip_unavailable': False, 'install_base': '/home/flynn/robot_final/install/robot_final_hri', 'merge_install': False, 'path': '/home/flynn/robot_final/src/robot_final_hri', 'symlink_install': False, 'test_result_base': None}
[0.381s] Level 5:colcon.colcon_core.verb:set package 'robot_final_navigation' build argument 'cmake_args' from command line to 'None'
[0.381s] Level 5:colcon.colcon_core.verb:set package 'robot_final_navigation' build argument 'cmake_target' from command line to 'None'
[0.381s] Level 5:colcon.colcon_core.verb:set package 'robot_final_navigation' build argument 'cmake_target_skip_unavailable' from command line to 'False'
[0.381s] Level 5:colcon.colcon_core.verb:set package 'robot_final_navigation' build argument 'cmake_clean_cache' from command line to 'False'
[0.381s] Level 5:colcon.colcon_core.verb:set package 'robot_final_navigation' build argument 'cmake_clean_first' from command line to 'False'
[0.381s] Level 5:colcon.colcon_core.verb:set package 'robot_final_navigation' build argument 'cmake_force_configure' from command line to 'False'
[0.381s] Level 5:colcon.colcon_core.verb:set package 'robot_final_navigation' build argument 'ament_cmake_args' from command line to 'None'
[0.381s] Level 5:colcon.colcon_core.verb:set package 'robot_final_navigation' build argument 'catkin_cmake_args' from command line to 'None'
[0.381s] Level 5:colcon.colcon_core.verb:set package 'robot_final_navigation' build argument 'catkin_skip_building_tests' from command line to 'False'
[0.381s] DEBUG:colcon.colcon_core.verb:Building package 'robot_final_navigation' with the following arguments: {'ament_cmake_args': None, 'build_base': '/home/flynn/robot_final/build/robot_final_navigation', 'catkin_cmake_args': None, 'catkin_skip_building_tests': False, 'cmake_args': None, 'cmake_clean_cache': False, 'cmake_clean_first': False, 'cmake_force_configure': False, 'cmake_target': None, 'cmake_target_skip_unavailable': False, 'install_base': '/home/flynn/robot_final/install/robot_final_navigation', 'merge_install': False, 'path': '/home/flynn/robot_final/src/robot_final_navigation', 'symlink_install': False, 'test_result_base': None}
[0.381s] Level 5:colcon.colcon_core.verb:set package 'robot_final_perception' build argument 'cmake_args' from command line to 'None'
[0.382s] Level 5:colcon.colcon_core.verb:set package 'robot_final_perception' build argument 'cmake_target' from command line to 'None'
[0.382s] Level 5:colcon.colcon_core.verb:set package 'robot_final_perception' build argument 'cmake_target_skip_unavailable' from command line to 'False'
[0.382s] Level 5:colcon.colcon_core.verb:set package 'robot_final_perception' build argument 'cmake_clean_cache' from command line to 'False'
[0.382s] Level 5:colcon.colcon_core.verb:set package 'robot_final_perception' build argument 'cmake_clean_first' from command line to 'False'
[0.382s] Level 5:colcon.colcon_core.verb:set package 'robot_final_perception' build argument 'cmake_force_configure' from command line to 'False'
[0.382s] Level 5:colcon.colcon_core.verb:set package 'robot_final_perception' build argument 'ament_cmake_args' from command line to 'None'
[0.382s] Level 5:colcon.colcon_core.verb:set package 'robot_final_perception' build argument 'catkin_cmake_args' from command line to 'None'
[0.382s] Level 5:colcon.colcon_core.verb:set package 'robot_final_perception' build argument 'catkin_skip_building_tests' from command line to 'False'
[0.382s] DEBUG:colcon.colcon_core.verb:Building package 'robot_final_perception' with the following arguments: {'ament_cmake_args': None, 'build_base': '/home/flynn/robot_final/build/robot_final_perception', 'catkin_cmake_args': None, 'catkin_skip_building_tests': False, 'cmake_args': None, 'cmake_clean_cache': False, 'cmake_clean_first': False, 'cmake_force_configure': False, 'cmake_target': None, 'cmake_target_skip_unavailable': False, 'install_base': '/home/flynn/robot_final/install/robot_final_perception', 'merge_install': False, 'path': '/home/flynn/robot_final/src/robot_final_perception', 'symlink_install': False, 'test_result_base': None}
[0.382s] INFO:colcon.colcon_core.executor:Executing jobs using 'parallel' executor
[0.383s] DEBUG:colcon.colcon_parallel_executor.executor.parallel:run_until_complete
[0.383s] INFO:colcon.colcon_ros.task.ament_python.build:Building ROS package in '/home/flynn/robot_final/src/robot_final_bringup' with build type 'ament_python'
[0.383s] Level 1:colcon.colcon_core.shell:create_environment_hook('robot_final_bringup', 'ament_prefix_path')
[0.385s] INFO:colcon.colcon_core.plugin_system:Skipping extension 'colcon_core.shell.bat': Not used on non-Windows systems
[0.385s] INFO:colcon.colcon_core.shell:Creating environment hook '/home/flynn/robot_final/install/robot_final_bringup/share/robot_final_bringup/hook/ament_prefix_path.ps1'
[0.386s] INFO:colcon.colcon_core.shell:Creating environment descriptor '/home/flynn/robot_final/install/robot_final_bringup/share/robot_final_bringup/hook/ament_prefix_path.dsv'
[0.387s] INFO:colcon.colcon_core.shell:Creating environment hook '/home/flynn/robot_final/install/robot_final_bringup/share/robot_final_bringup/hook/ament_prefix_path.sh'
[0.387s] INFO:colcon.colcon_core.shell:Skip shell extension 'powershell' for command environment: Not usable outside of PowerShell
[0.387s] DEBUG:colcon.colcon_core.shell:Skip shell extension 'dsv' for command environment
[0.391s] INFO:colcon.colcon_ros.task.ament_python.build:Building ROS package in '/home/flynn/robot_final/src/robot_final_hri' with build type 'ament_python'
[0.391s] Level 1:colcon.colcon_core.shell:create_environment_hook('robot_final_hri', 'ament_prefix_path')
[0.391s] INFO:colcon.colcon_core.shell:Creating environment hook '/home/flynn/robot_final/install/robot_final_hri/share/robot_final_hri/hook/ament_prefix_path.ps1'
[0.392s] INFO:colcon.colcon_core.shell:Creating environment descriptor '/home/flynn/robot_final/install/robot_final_hri/share/robot_final_hri/hook/ament_prefix_path.dsv'
[0.392s] INFO:colcon.colcon_core.shell:Creating environment hook '/home/flynn/robot_final/install/robot_final_hri/share/robot_final_hri/hook/ament_prefix_path.sh'
[0.393s] INFO:colcon.colcon_core.shell:Skip shell extension 'powershell' for command environment: Not usable outside of PowerShell
[0.393s] DEBUG:colcon.colcon_core.shell:Skip shell extension 'dsv' for command environment
[0.396s] INFO:colcon.colcon_ros.task.ament_python.build:Building ROS package in '/home/flynn/robot_final/src/robot_final_navigation' with build type 'ament_python'
[0.396s] Level 1:colcon.colcon_core.shell:create_environment_hook('robot_final_navigation', 'ament_prefix_path')
[0.396s] INFO:colcon.colcon_core.shell:Creating environment hook '/home/flynn/robot_final/install/robot_final_navigation/share/robot_final_navigation/hook/ament_prefix_path.ps1'
[0.397s] INFO:colcon.colcon_core.shell:Creating environment descriptor '/home/flynn/robot_final/install/robot_final_navigation/share/robot_final_navigation/hook/ament_prefix_path.dsv'
[0.397s] INFO:colcon.colcon_core.shell:Creating environment hook '/home/flynn/robot_final/install/robot_final_navigation/share/robot_final_navigation/hook/ament_prefix_path.sh'
[0.398s] INFO:colcon.colcon_core.shell:Skip shell extension 'powershell' for command environment: Not usable outside of PowerShell
[0.398s] DEBUG:colcon.colcon_core.shell:Skip shell extension 'dsv' for command environment
[0.401s] INFO:colcon.colcon_ros.task.ament_python.build:Building ROS package in '/home/flynn/robot_final/src/robot_final_perception' with build type 'ament_python'
[0.401s] Level 1:colcon.colcon_core.shell:create_environment_hook('robot_final_perception', 'ament_prefix_path')
[0.402s] INFO:colcon.colcon_core.shell:Creating environment hook '/home/flynn/robot_final/install/robot_final_perception/share/robot_final_perception/hook/ament_prefix_path.ps1'
[0.402s] INFO:colcon.colcon_core.shell:Creating environment descriptor '/home/flynn/robot_final/install/robot_final_perception/share/robot_final_perception/hook/ament_prefix_path.dsv'
[0.403s] INFO:colcon.colcon_core.shell:Creating environment hook '/home/flynn/robot_final/install/robot_final_perception/share/robot_final_perception/hook/ament_prefix_path.sh'
[0.403s] INFO:colcon.colcon_core.shell:Skip shell extension 'powershell' for command environment: Not usable outside of PowerShell
[0.403s] DEBUG:colcon.colcon_core.shell:Skip shell extension 'dsv' for command environment
[0.678s] INFO:colcon.colcon_core.task.python.build:Building Python package in '/home/flynn/robot_final/src/robot_final_bringup'
[0.679s] INFO:colcon.colcon_core.shell:Skip shell extension 'powershell' for command environment: Not usable outside of PowerShell
[0.679s] DEBUG:colcon.colcon_core.shell:Skip shell extension 'dsv' for command environment
[0.952s] INFO:colcon.colcon_core.task.python.build:Building Python package in '/home/flynn/robot_final/src/robot_final_hri'
[0.952s] INFO:colcon.colcon_core.shell:Skip shell extension 'powershell' for command environment: Not usable outside of PowerShell
[0.952s] DEBUG:colcon.colcon_core.shell:Skip shell extension 'dsv' for command environment
[1.233s] INFO:colcon.colcon_core.task.python.build:Building Python package in '/home/flynn/robot_final/src/robot_final_navigation'
[1.233s] INFO:colcon.colcon_core.shell:Skip shell extension 'powershell' for command environment: Not usable outside of PowerShell
[1.233s] DEBUG:colcon.colcon_core.shell:Skip shell extension 'dsv' for command environment
[1.529s] INFO:colcon.colcon_core.task.python.build:Building Python package in '/home/flynn/robot_final/src/robot_final_perception'
[1.529s] INFO:colcon.colcon_core.shell:Skip shell extension 'powershell' for command environment: Not usable outside of PowerShell
[1.529s] DEBUG:colcon.colcon_core.shell:Skip shell extension 'dsv' for command environment
[2.017s] DEBUG:colcon.colcon_core.event_handler.log_command:Invoking command in '/home/flynn/robot_final/src/robot_final_bringup': PYTHONPATH=/home/flynn/robot_final/build/robot_final_bringup/prefix_override:/usr/lib/python3/dist-packages/colcon_core/task/python/colcon_distutils_commands:/home/flynn/robot_final/install/robot_final_bringup/lib/python3.10/site-packages:${PYTHONPATH} /usr/bin/python3 -W ignore:setup.py install is deprecated -W ignore:easy_install command is deprecated setup.py egg_info --egg-base ../../build/robot_final_bringup build --build-base /home/flynn/robot_final/build/robot_final_bringup/build install --record /home/flynn/robot_final/build/robot_final_bringup/install.log --single-version-externally-managed install_data
[2.023s] DEBUG:colcon.colcon_core.event_handler.log_command:Invoking command in '/home/flynn/robot_final/src/robot_final_hri': PYTHONPATH=/home/flynn/robot_final/build/robot_final_hri/prefix_override:/usr/lib/python3/dist-packages/colcon_core/task/python/colcon_distutils_commands:/home/flynn/robot_final/install/robot_final_hri/lib/python3.10/site-packages:${PYTHONPATH} /usr/bin/python3 -W ignore:setup.py install is deprecated -W ignore:easy_install command is deprecated setup.py egg_info --egg-base ../../build/robot_final_hri build --build-base /home/flynn/robot_final/build/robot_final_hri/build install --record /home/flynn/robot_final/build/robot_final_hri/install.log --single-version-externally-managed install_data
[2.031s] DEBUG:colcon.colcon_core.event_handler.log_command:Invoking command in '/home/flynn/robot_final/src/robot_final_perception': PYTHONPATH=/home/flynn/robot_final/build/robot_final_perception/prefix_override:/usr/lib/python3/dist-packages/colcon_core/task/python/colcon_distutils_commands:/home/flynn/robot_final/install/robot_final_perception/lib/python3.10/site-packages:${PYTHONPATH} /usr/bin/python3 -W ignore:setup.py install is deprecated -W ignore:easy_install command is deprecated setup.py egg_info --egg-base ../../build/robot_final_perception build --build-base /home/flynn/robot_final/build/robot_final_perception/build install --record /home/flynn/robot_final/build/robot_final_perception/install.log --single-version-externally-managed install_data
[2.032s] DEBUG:colcon.colcon_core.event_handler.log_command:Invoking command in '/home/flynn/robot_final/src/robot_final_navigation': PYTHONPATH=/home/flynn/robot_final/build/robot_final_navigation/prefix_override:/usr/lib/python3/dist-packages/colcon_core/task/python/colcon_distutils_commands:/home/flynn/robot_final/install/robot_final_navigation/lib/python3.10/site-packages:${PYTHONPATH} /usr/bin/python3 -W ignore:setup.py install is deprecated -W ignore:easy_install command is deprecated setup.py egg_info --egg-base ../../build/robot_final_navigation build --build-base /home/flynn/robot_final/build/robot_final_navigation/build install --record /home/flynn/robot_final/build/robot_final_navigation/install.log --single-version-externally-managed install_data
[2.448s] DEBUG:colcon.colcon_core.event_handler.log_command:Invoked command in '/home/flynn/robot_final/src/robot_final_bringup' returned '0': PYTHONPATH=/home/flynn/robot_final/build/robot_final_bringup/prefix_override:/usr/lib/python3/dist-packages/colcon_core/task/python/colcon_distutils_commands:/home/flynn/robot_final/install/robot_final_bringup/lib/python3.10/site-packages:${PYTHONPATH} /usr/bin/python3 -W ignore:setup.py install is deprecated -W ignore:easy_install command is deprecated setup.py egg_info --egg-base ../../build/robot_final_bringup build --build-base /home/flynn/robot_final/build/robot_final_bringup/build install --record /home/flynn/robot_final/build/robot_final_bringup/install.log --single-version-externally-managed install_data
[2.454s] Level 1:colcon.colcon_core.environment:checking '/home/flynn/robot_final/install/robot_final_bringup' for CMake module files
[2.455s] Level 1:colcon.colcon_core.environment:checking '/home/flynn/robot_final/install/robot_final_bringup' for CMake config files
[2.456s] Level 1:colcon.colcon_core.environment:checking '/home/flynn/robot_final/install/robot_final_bringup/lib'
[2.457s] Level 1:colcon.colcon_core.environment:checking '/home/flynn/robot_final/install/robot_final_bringup/bin'
[2.457s] Level 1:colcon.colcon_core.environment:checking '/home/flynn/robot_final/install/robot_final_bringup/lib/pkgconfig/robot_final_bringup.pc'
[2.457s] Level 1:colcon.colcon_core.environment:checking '/home/flynn/robot_final/install/robot_final_bringup/lib/python3.10/site-packages'
[2.457s] Level 1:colcon.colcon_core.shell:create_environment_hook('robot_final_bringup', 'pythonpath')
[2.458s] INFO:colcon.colcon_core.shell:Creating environment hook '/home/flynn/robot_final/install/robot_final_bringup/share/robot_final_bringup/hook/pythonpath.ps1'
[2.459s] INFO:colcon.colcon_core.shell:Creating environment descriptor '/home/flynn/robot_final/install/robot_final_bringup/share/robot_final_bringup/hook/pythonpath.dsv'
[2.460s] INFO:colcon.colcon_core.shell:Creating environment hook '/home/flynn/robot_final/install/robot_final_bringup/share/robot_final_bringup/hook/pythonpath.sh'
[2.461s] Level 1:colcon.colcon_core.environment:checking '/home/flynn/robot_final/install/robot_final_bringup/bin'
[2.461s] Level 1:colcon.colcon_core.environment:create_environment_scripts_only(robot_final_bringup)
[2.462s] INFO:colcon.colcon_core.shell:Creating package script '/home/flynn/robot_final/install/robot_final_bringup/share/robot_final_bringup/package.ps1'
[2.464s] INFO:colcon.colcon_core.shell:Creating package descriptor '/home/flynn/robot_final/install/robot_final_bringup/share/robot_final_bringup/package.dsv'
[2.465s] INFO:colcon.colcon_core.shell:Creating package script '/home/flynn/robot_final/install/robot_final_bringup/share/robot_final_bringup/package.sh'
[2.466s] INFO:colcon.colcon_core.shell:Creating package script '/home/flynn/robot_final/install/robot_final_bringup/share/robot_final_bringup/package.bash'
[2.467s] INFO:colcon.colcon_core.shell:Creating package script '/home/flynn/robot_final/install/robot_final_bringup/share/robot_final_bringup/package.zsh'
[2.469s] Level 1:colcon.colcon_core.environment:create_file_with_runtime_dependencies(/home/flynn/robot_final/install/robot_final_bringup/share/colcon-core/packages/robot_final_bringup)
[2.472s] Level 1:colcon.colcon_core.environment:checking '/home/flynn/robot_final/install/robot_final_hri' for CMake module files
[2.474s] DEBUG:colcon.colcon_core.event_handler.log_command:Invoked command in '/home/flynn/robot_final/src/robot_final_hri' returned '0': PYTHONPATH=/home/flynn/robot_final/build/robot_final_hri/prefix_override:/usr/lib/python3/dist-packages/colcon_core/task/python/colcon_distutils_commands:/home/flynn/robot_final/install/robot_final_hri/lib/python3.10/site-packages:${PYTHONPATH} /usr/bin/python3 -W ignore:setup.py install is deprecated -W ignore:easy_install command is deprecated setup.py egg_info --egg-base ../../build/robot_final_hri build --build-base /home/flynn/robot_final/build/robot_final_hri/build install --record /home/flynn/robot_final/build/robot_final_hri/install.log --single-version-externally-managed install_data
[2.474s] Level 1:colcon.colcon_core.environment:checking '/home/flynn/robot_final/install/robot_final_hri' for CMake config files
[2.475s] Level 1:colcon.colcon_core.environment:checking '/home/flynn/robot_final/install/robot_final_hri/lib'
[2.475s] Level 1:colcon.colcon_core.environment:checking '/home/flynn/robot_final/install/robot_final_hri/bin'
[2.475s] Level 1:colcon.colcon_core.environment:checking '/home/flynn/robot_final/install/robot_final_hri/lib/pkgconfig/robot_final_hri.pc'
[2.476s] Level 1:colcon.colcon_core.environment:checking '/home/flynn/robot_final/install/robot_final_hri/lib/python3.10/site-packages'
[2.476s] Level 1:colcon.colcon_core.shell:create_environment_hook('robot_final_hri', 'pythonpath')
[2.476s] INFO:colcon.colcon_core.shell:Creating environment hook '/home/flynn/robot_final/install/robot_final_hri/share/robot_final_hri/hook/pythonpath.ps1'
[2.477s] INFO:colcon.colcon_core.shell:Creating environment descriptor '/home/flynn/robot_final/install/robot_final_hri/share/robot_final_hri/hook/pythonpath.dsv'
[2.477s] INFO:colcon.colcon_core.shell:Creating environment hook '/home/flynn/robot_final/install/robot_final_hri/share/robot_final_hri/hook/pythonpath.sh'
[2.479s] Level 1:colcon.colcon_core.environment:checking '/home/flynn/robot_final/install/robot_final_hri/bin'
[2.479s] Level 1:colcon.colcon_core.environment:create_environment_scripts_only(robot_final_hri)
[2.479s] INFO:colcon.colcon_core.shell:Creating package script '/home/flynn/robot_final/install/robot_final_hri/share/robot_final_hri/package.ps1'
[2.480s] INFO:colcon.colcon_core.shell:Creating package descriptor '/home/flynn/robot_final/install/robot_final_hri/share/robot_final_hri/package.dsv'
[2.481s] INFO:colcon.colcon_core.shell:Creating package script '/home/flynn/robot_final/install/robot_final_hri/share/robot_final_hri/package.sh'
[2.481s] INFO:colcon.colcon_core.shell:Creating package script '/home/flynn/robot_final/install/robot_final_hri/share/robot_final_hri/package.bash'
[2.482s] INFO:colcon.colcon_core.shell:Creating package script '/home/flynn/robot_final/install/robot_final_hri/share/robot_final_hri/package.zsh'
[2.482s] Level 1:colcon.colcon_core.environment:create_file_with_runtime_dependencies(/home/flynn/robot_final/install/robot_final_hri/share/colcon-core/packages/robot_final_hri)
[2.484s] Level 1:colcon.colcon_core.environment:checking '/home/flynn/robot_final/install/robot_final_perception' for CMake module files
[2.485s] Level 1:colcon.colcon_core.environment:checking '/home/flynn/robot_final/install/robot_final_perception' for CMake config files
[2.486s] DEBUG:colcon.colcon_core.event_handler.log_command:Invoked command in '/home/flynn/robot_final/src/robot_final_perception' returned '0': PYTHONPATH=/home/flynn/robot_final/build/robot_final_perception/prefix_override:/usr/lib/python3/dist-packages/colcon_core/task/python/colcon_distutils_commands:/home/flynn/robot_final/install/robot_final_perception/lib/python3.10/site-packages:${PYTHONPATH} /usr/bin/python3 -W ignore:setup.py install is deprecated -W ignore:easy_install command is deprecated setup.py egg_info --egg-base ../../build/robot_final_perception build --build-base /home/flynn/robot_final/build/robot_final_perception/build install --record /home/flynn/robot_final/build/robot_final_perception/install.log --single-version-externally-managed install_data
[2.487s] Level 1:colcon.colcon_core.environment:checking '/home/flynn/robot_final/install/robot_final_perception/lib'
[2.487s] Level 1:colcon.colcon_core.environment:checking '/home/flynn/robot_final/install/robot_final_perception/bin'
[2.487s] Level 1:colcon.colcon_core.environment:checking '/home/flynn/robot_final/install/robot_final_perception/lib/pkgconfig/robot_final_perception.pc'
[2.488s] Level 1:colcon.colcon_core.environment:checking '/home/flynn/robot_final/install/robot_final_perception/lib/python3.10/site-packages'
[2.488s] Level 1:colcon.colcon_core.shell:create_environment_hook('robot_final_perception', 'pythonpath')
[2.488s] INFO:colcon.colcon_core.shell:Creating environment hook '/home/flynn/robot_final/install/robot_final_perception/share/robot_final_perception/hook/pythonpath.ps1'
[2.489s] INFO:colcon.colcon_core.shell:Creating environment descriptor '/home/flynn/robot_final/install/robot_final_perception/share/robot_final_perception/hook/pythonpath.dsv'
[2.489s] INFO:colcon.colcon_core.shell:Creating environment hook '/home/flynn/robot_final/install/robot_final_perception/share/robot_final_perception/hook/pythonpath.sh'
[2.491s] Level 1:colcon.colcon_core.environment:checking '/home/flynn/robot_final/install/robot_final_perception/bin'
[2.491s] Level 1:colcon.colcon_core.environment:create_environment_scripts_only(robot_final_perception)
[2.492s] INFO:colcon.colcon_core.shell:Creating package script '/home/flynn/robot_final/install/robot_final_perception/share/robot_final_perception/package.ps1'
[2.493s] INFO:colcon.colcon_core.shell:Creating package descriptor '/home/flynn/robot_final/install/robot_final_perception/share/robot_final_perception/package.dsv'
[2.493s] INFO:colcon.colcon_core.shell:Creating package script '/home/flynn/robot_final/install/robot_final_perception/share/robot_final_perception/package.sh'
[2.494s] INFO:colcon.colcon_core.shell:Creating package script '/home/flynn/robot_final/install/robot_final_perception/share/robot_final_perception/package.bash'
[2.495s] INFO:colcon.colcon_core.shell:Creating package script '/home/flynn/robot_final/install/robot_final_perception/share/robot_final_perception/package.zsh'
[2.495s] Level 1:colcon.colcon_core.environment:create_file_with_runtime_dependencies(/home/flynn/robot_final/install/robot_final_perception/share/colcon-core/packages/robot_final_perception)
[2.499s] Level 1:colcon.colcon_core.environment:checking '/home/flynn/robot_final/install/robot_final_navigation' for CMake module files
[2.500s] DEBUG:colcon.colcon_core.event_handler.log_command:Invoked command in '/home/flynn/robot_final/src/robot_final_navigation' returned '0': PYTHONPATH=/home/flynn/robot_final/build/robot_final_navigation/prefix_override:/usr/lib/python3/dist-packages/colcon_core/task/python/colcon_distutils_commands:/home/flynn/robot_final/install/robot_final_navigation/lib/python3.10/site-packages:${PYTHONPATH} /usr/bin/python3 -W ignore:setup.py install is deprecated -W ignore:easy_install command is deprecated setup.py egg_info --egg-base ../../build/robot_final_navigation build --build-base /home/flynn/robot_final/build/robot_final_navigation/build install --record /home/flynn/robot_final/build/robot_final_navigation/install.log --single-version-externally-managed install_data
[2.500s] Level 1:colcon.colcon_core.environment:checking '/home/flynn/robot_final/install/robot_final_navigation' for CMake config files
[2.501s] Level 1:colcon.colcon_core.environment:checking '/home/flynn/robot_final/install/robot_final_navigation/lib'
[2.501s] Level 1:colcon.colcon_core.environment:checking '/home/flynn/robot_final/install/robot_final_navigation/bin'
[2.501s] Level 1:colcon.colcon_core.environment:checking '/home/flynn/robot_final/install/robot_final_navigation/lib/pkgconfig/robot_final_navigation.pc'
[2.502s] Level 1:colcon.colcon_core.environment:checking '/home/flynn/robot_final/install/robot_final_navigation/lib/python3.10/site-packages'
[2.502s] Level 1:colcon.colcon_core.shell:create_environment_hook('robot_final_navigation', 'pythonpath')
[2.502s] INFO:colcon.colcon_core.shell:Creating environment hook '/home/flynn/robot_final/install/robot_final_navigation/share/robot_final_navigation/hook/pythonpath.ps1'
[2.503s] INFO:colcon.colcon_core.shell:Creating environment descriptor '/home/flynn/robot_final/install/robot_final_navigation/share/robot_final_navigation/hook/pythonpath.dsv'
[2.503s] INFO:colcon.colcon_core.shell:Creating environment hook '/home/flynn/robot_final/install/robot_final_navigation/share/robot_final_navigation/hook/pythonpath.sh'
[2.504s] Level 1:colcon.colcon_core.environment:checking '/home/flynn/robot_final/install/robot_final_navigation/bin'
[2.505s] Level 1:colcon.colcon_core.environment:create_environment_scripts_only(robot_final_navigation)
[2.505s] INFO:colcon.colcon_core.shell:Creating package script '/home/flynn/robot_final/install/robot_final_navigation/share/robot_final_navigation/package.ps1'
[2.506s] INFO:colcon.colcon_core.shell:Creating package descriptor '/home/flynn/robot_final/install/robot_final_navigation/share/robot_final_navigation/package.dsv'
[2.507s] INFO:colcon.colcon_core.shell:Creating package script '/home/flynn/robot_final/install/robot_final_navigation/share/robot_final_navigation/package.sh'
[2.507s] INFO:colcon.colcon_core.shell:Creating package script '/home/flynn/robot_final/install/robot_final_navigation/share/robot_final_navigation/package.bash'
[2.508s] INFO:colcon.colcon_core.shell:Creating package script '/home/flynn/robot_final/install/robot_final_navigation/share/robot_final_navigation/package.zsh'
[2.508s] Level 1:colcon.colcon_core.environment:create_file_with_runtime_dependencies(/home/flynn/robot_final/install/robot_final_navigation/share/colcon-core/packages/robot_final_navigation)
[2.509s] DEBUG:colcon.colcon_parallel_executor.executor.parallel:closing loop
[2.509s] DEBUG:colcon.colcon_parallel_executor.executor.parallel:loop closed
[2.509s] DEBUG:colcon.colcon_parallel_executor.executor.parallel:run_until_complete finished with '0'
[2.510s] DEBUG:colcon.colcon_core.event_reactor:joining thread
[2.518s] INFO:colcon.colcon_core.plugin_system:Skipping extension 'colcon_notification.desktop_notification.terminal_notifier': Not used on non-Darwin systems
[2.518s] INFO:colcon.colcon_core.plugin_system:Skipping extension 'colcon_notification.desktop_notification.win32': Not used on non-Windows systems
[2.518s] INFO:colcon.colcon_notification.desktop_notification:Sending desktop notification using 'notify2'
[2.544s] DEBUG:colcon.colcon_core.event_reactor:joined thread
[2.545s] INFO:colcon.colcon_core.shell:Creating prefix script '/home/flynn/robot_final/install/local_setup.ps1'
[2.546s] INFO:colcon.colcon_core.shell:Creating prefix util module '/home/flynn/robot_final/install/_local_setup_util_ps1.py'
[2.548s] INFO:colcon.colcon_core.shell:Creating prefix chain script '/home/flynn/robot_final/install/setup.ps1'
[2.549s] INFO:colcon.colcon_core.shell:Creating prefix script '/home/flynn/robot_final/install/local_setup.sh'
[2.550s] INFO:colcon.colcon_core.shell:Creating prefix util module '/home/flynn/robot_final/install/_local_setup_util_sh.py'
[2.550s] INFO:colcon.colcon_core.shell:Creating prefix chain script '/home/flynn/robot_final/install/setup.sh'
[2.552s] INFO:colcon.colcon_core.shell:Creating prefix script '/home/flynn/robot_final/install/local_setup.bash'
[2.552s] INFO:colcon.colcon_core.shell:Creating prefix chain script '/home/flynn/robot_final/install/setup.bash'
[2.554s] INFO:colcon.colcon_core.shell:Creating prefix script '/home/flynn/robot_final/install/local_setup.zsh'
[2.554s] INFO:colcon.colcon_core.shell:Creating prefix chain script '/home/flynn/robot_final/install/setup.zsh'
