running egg_info
creating ../../build/robot_final_perception/robot_final_perception.egg-info
writing ../../build/robot_final_perception/robot_final_perception.egg-info/PKG-INFO
writing dependency_links to ../../build/robot_final_perception/robot_final_perception.egg-info/dependency_links.txt
writing entry points to ../../build/robot_final_perception/robot_final_perception.egg-info/entry_points.txt
writing requirements to ../../build/robot_final_perception/robot_final_perception.egg-info/requires.txt
writing top-level names to ../../build/robot_final_perception/robot_final_perception.egg-info/top_level.txt
writing manifest file '../../build/robot_final_perception/robot_final_perception.egg-info/SOURCES.txt'
reading manifest file '../../build/robot_final_perception/robot_final_perception.egg-info/SOURCES.txt'
writing manifest file '../../build/robot_final_perception/robot_final_perception.egg-info/SOURCES.txt'
running build
running build_py
creating /home/flynn/robot_final/build/robot_final_perception/build
creating /home/flynn/robot_final/build/robot_final_perception/build/lib
creating /home/flynn/robot_final/build/robot_final_perception/build/lib/robot_final_perception
copying robot_final_perception/__init__.py -> /home/flynn/robot_final/build/robot_final_perception/build/lib/robot_final_perception
copying robot_final_perception/health_route_detector.py -> /home/flynn/robot_final/build/robot_final_perception/build/lib/robot_final_perception
running install
running install_lib
creating /home/flynn/robot_final/install/robot_final_perception/lib/python3.10/site-packages/robot_final_perception
copying /home/flynn/robot_final/build/robot_final_perception/build/lib/robot_final_perception/__init__.py -> /home/flynn/robot_final/install/robot_final_perception/lib/python3.10/site-packages/robot_final_perception
copying /home/flynn/robot_final/build/robot_final_perception/build/lib/robot_final_perception/health_route_detector.py -> /home/flynn/robot_final/install/robot_final_perception/lib/python3.10/site-packages/robot_final_perception
byte-compiling /home/flynn/robot_final/install/robot_final_perception/lib/python3.10/site-packages/robot_final_perception/__init__.py to __init__.cpython-310.pyc
byte-compiling /home/flynn/robot_final/install/robot_final_perception/lib/python3.10/site-packages/robot_final_perception/health_route_detector.py to health_route_detector.cpython-310.pyc
running install_data
creating /home/flynn/robot_final/install/robot_final_perception/share/ament_index
creating /home/flynn/robot_final/install/robot_final_perception/share/ament_index/resource_index
creating /home/flynn/robot_final/install/robot_final_perception/share/ament_index/resource_index/packages
copying resource/robot_final_perception -> /home/flynn/robot_final/install/robot_final_perception/share/ament_index/resource_index/packages
copying package.xml -> /home/flynn/robot_final/install/robot_final_perception/share/robot_final_perception
running install_egg_info
Copying ../../build/robot_final_perception/robot_final_perception.egg-info to /home/flynn/robot_final/install/robot_final_perception/lib/python3.10/site-packages/robot_final_perception-0.0.0-py3.10.egg-info
running install_scripts
Installing health_route_detector script to /home/flynn/robot_final/install/robot_final_perception/lib/robot_final_perception
writing list of installed files to '/home/flynn/robot_final/build/robot_final_perception/install.log'
