[1.628s] Invoking command in '/home/flynn/robot_final/src/robot_final_perception': PYTHONPATH=/home/flynn/robot_final/build/robot_final_perception/prefix_override:/usr/lib/python3/dist-packages/colcon_core/task/python/colcon_distutils_commands:/home/flynn/robot_final/install/robot_final_perception/lib/python3.10/site-packages:${PYTHONPATH} /usr/bin/python3 -W ignore:setup.py install is deprecated -W ignore:easy_install command is deprecated setup.py egg_info --egg-base ../../build/robot_final_perception build --build-base /home/flynn/robot_final/build/robot_final_perception/build install --record /home/flynn/robot_final/build/robot_final_perception/install.log --single-version-externally-managed install_data
[1.951s] running egg_info
[1.952s] creating ../../build/robot_final_perception/robot_final_perception.egg-info
[1.952s] writing ../../build/robot_final_perception/robot_final_perception.egg-info/PKG-INFO
[1.953s] writing dependency_links to ../../build/robot_final_perception/robot_final_perception.egg-info/dependency_links.txt
[1.953s] writing entry points to ../../build/robot_final_perception/robot_final_perception.egg-info/entry_points.txt
[1.953s] writing requirements to ../../build/robot_final_perception/robot_final_perception.egg-info/requires.txt
[1.953s] writing top-level names to ../../build/robot_final_perception/robot_final_perception.egg-info/top_level.txt
[1.953s] writing manifest file '../../build/robot_final_perception/robot_final_perception.egg-info/SOURCES.txt'
[1.958s] reading manifest file '../../build/robot_final_perception/robot_final_perception.egg-info/SOURCES.txt'
[1.959s] writing manifest file '../../build/robot_final_perception/robot_final_perception.egg-info/SOURCES.txt'
[1.959s] running build
[1.960s] running build_py
[1.960s] creating /home/flynn/robot_final/build/robot_final_perception/build
[1.960s] creating /home/flynn/robot_final/build/robot_final_perception/build/lib
[1.960s] creating /home/flynn/robot_final/build/robot_final_perception/build/lib/robot_final_perception
[1.960s] copying robot_final_perception/__init__.py -> /home/flynn/robot_final/build/robot_final_perception/build/lib/robot_final_perception
[1.961s] copying robot_final_perception/health_route_detector.py -> /home/flynn/robot_final/build/robot_final_perception/build/lib/robot_final_perception
[1.961s] running install
[1.961s] running install_lib
[1.962s] creating /home/flynn/robot_final/install/robot_final_perception/lib/python3.10/site-packages/robot_final_perception
[1.962s] copying /home/flynn/robot_final/build/robot_final_perception/build/lib/robot_final_perception/__init__.py -> /home/flynn/robot_final/install/robot_final_perception/lib/python3.10/site-packages/robot_final_perception
[1.962s] copying /home/flynn/robot_final/build/robot_final_perception/build/lib/robot_final_perception/health_route_detector.py -> /home/flynn/robot_final/install/robot_final_perception/lib/python3.10/site-packages/robot_final_perception
[1.964s] byte-compiling /home/flynn/robot_final/install/robot_final_perception/lib/python3.10/site-packages/robot_final_perception/__init__.py to __init__.cpython-310.pyc
[1.964s] byte-compiling /home/flynn/robot_final/install/robot_final_perception/lib/python3.10/site-packages/robot_final_perception/health_route_detector.py to health_route_detector.cpython-310.pyc
[1.964s] running install_data
[1.964s] creating /home/flynn/robot_final/install/robot_final_perception/share/ament_index
[1.965s] creating /home/flynn/robot_final/install/robot_final_perception/share/ament_index/resource_index
[1.965s] creating /home/flynn/robot_final/install/robot_final_perception/share/ament_index/resource_index/packages
[1.965s] copying resource/robot_final_perception -> /home/flynn/robot_final/install/robot_final_perception/share/ament_index/resource_index/packages
[1.965s] copying package.xml -> /home/flynn/robot_final/install/robot_final_perception/share/robot_final_perception
[1.965s] running install_egg_info
[1.968s] Copying ../../build/robot_final_perception/robot_final_perception.egg-info to /home/flynn/robot_final/install/robot_final_perception/lib/python3.10/site-packages/robot_final_perception-0.0.0-py3.10.egg-info
[1.968s] running install_scripts
[2.010s] Installing health_route_detector script to /home/flynn/robot_final/install/robot_final_perception/lib/robot_final_perception
[2.010s] writing list of installed files to '/home/flynn/robot_final/build/robot_final_perception/install.log'
[2.084s] Invoked command in '/home/flynn/robot_final/src/robot_final_perception' returned '0': PYTHONPATH=/home/flynn/robot_final/build/robot_final_perception/prefix_override:/usr/lib/python3/dist-packages/colcon_core/task/python/colcon_distutils_commands:/home/flynn/robot_final/install/robot_final_perception/lib/python3.10/site-packages:${PYTHONPATH} /usr/bin/python3 -W ignore:setup.py install is deprecated -W ignore:easy_install command is deprecated setup.py egg_info --egg-base ../../build/robot_final_perception build --build-base /home/flynn/robot_final/build/robot_final_perception/build install --record /home/flynn/robot_final/build/robot_final_perception/install.log --single-version-externally-managed install_data
